<?xml version="1.0" encoding="UTF-8"?>
<testng-results ignored="0" total="1" passed="1" failed="0" skipped="0">
  <reporter-output>
  </reporter-output>
  <suite started-at="2023-06-26T20:51:56 EDT" name="Default suite" finished-at="2023-06-26T20:52:05 EDT" duration-ms="8956">
    <groups>
    </groups>
    <test started-at="2023-06-26T20:51:56 EDT" name="Default test" finished-at="2023-06-26T20:52:05 EDT" duration-ms="8956">
      <class name="automation_medium.HomePageTest">
        <test-method is-config="true" signature="setUp()[pri:0, instance:automation_medium.HomePageTest@47d9a273]" started-at="2023-06-26T20:51:56 EDT" name="setUp" finished-at="2023-06-26T20:52:02 EDT" duration-ms="6149" status="PASS">
          <reporter-output>
          </reporter-output>
        </test-method> <!-- setUp -->
        <test-method signature="testHomePage()[pri:0, instance:automation_medium.HomePageTest@47d9a273]" started-at="2023-06-26T20:52:02 EDT" name="testHomePage" finished-at="2023-06-26T20:52:04 EDT" duration-ms="2381" status="PASS">
          <reporter-output>
          </reporter-output>
        </test-method> <!-- testHomePage -->
        <test-method is-config="true" signature="tearDown()[pri:0, instance:automation_medium.HomePageTest@47d9a273]" started-at="2023-06-26T20:52:04 EDT" name="tearDown" finished-at="2023-06-26T20:52:05 EDT" duration-ms="371" status="PASS">
          <reporter-output>
          </reporter-output>
        </test-method> <!-- tearDown -->
      </class> <!-- automation_medium.HomePageTest -->
    </test> <!-- Default test -->
  </suite> <!-- Default suite -->
</testng-results>
